[2025-08-15 21:00:36] [INFO] Attempting to send email to: labonysur473@gmail.com
[2025-08-15 21:00:36] [INFO] Attempting to send email to: labonysur473@gmail.com
[2025-08-15 21:06:24] [INFO] Attempting to send email to: labonysur473@gmail.com
[2025-08-15 21:06:24] [INFO] SMTP Configuration:
[2025-08-15 21:06:24] [INFO] Host: smtp.gmail.com
[2025-08-15 21:06:24] [INFO] Port: 587
[2025-08-15 21:06:24] [INFO] Username: labonysur473@gmail.com
[2025-08-15 21:06:24] [INFO] From Email: labonysur473@gmail.com
[2025-08-15 21:06:29] [SUCCESS] Email sent successfully to: labonysur473@gmail.com
[2025-08-15 21:59:47] [INFO] Attempting to send email to: aupurbasarker23@gmail.com
[2025-08-15 21:59:47] [INFO] SMTP Configuration:
[2025-08-15 21:59:47] [INFO] Host: smtp.gmail.com
[2025-08-15 21:59:47] [INFO] Port: 587
[2025-08-15 21:59:47] [INFO] Username: labonysur473@gmail.com
[2025-08-15 21:59:47] [INFO] From Email: labonysur473@gmail.com
[2025-08-15 21:59:51] [SUCCESS] Email sent successfully to: aupurbasarker23@gmail.com
[2025-08-16 08:40:53] [INFO] Attempting to send email to: sur2305101473@diu.edu.bd
[2025-08-16 08:40:53] [INFO] SMTP Configuration:
[2025-08-16 08:40:53] [INFO] Host: smtp.gmail.com
[2025-08-16 08:40:53] [INFO] Port: 587
[2025-08-16 08:40:53] [INFO] Username: labonysur473@gmail.com
[2025-08-16 08:40:53] [INFO] From Email: labonysur473@gmail.com
[2025-08-16 08:40:59] [SUCCESS] Email sent successfully to: sur2305101473@diu.edu.bd
[2025-08-16 08:59:27] [ERROR] Username or email already exists.
[2025-08-16 09:20:27] [ERROR] Username or email already exists.
[2025-08-16 14:38:57] [INFO] Attempting to send email to: aupurbasarker6@gmail.com
[2025-08-16 14:38:57] [INFO] SMTP Configuration:
[2025-08-16 14:38:57] [INFO] Host: smtp.gmail.com
[2025-08-16 14:38:57] [INFO] Port: 587
[2025-08-16 14:38:57] [INFO] Username: labonysur473@gmail.com
[2025-08-16 14:38:57] [INFO] From Email: labonysur473@gmail.com
[2025-08-16 14:39:01] [SUCCESS] Email sent successfully to: aupurbasarker6@gmail.com
[2025-08-16 14:44:03] [INFO] Attempting to send email to: labonysur5@gmail.com
[2025-08-16 14:44:03] [INFO] SMTP Configuration:
[2025-08-16 14:44:03] [INFO] Host: smtp.gmail.com
[2025-08-16 14:44:03] [INFO] Port: 587
[2025-08-16 14:44:03] [INFO] Username: labonysur473@gmail.com
[2025-08-16 14:44:03] [INFO] From Email: labonysur473@gmail.com
[2025-08-16 14:44:07] [SUCCESS] Email sent successfully to: labonysur5@gmail.com
[2025-08-16 14:57:46] [INFO] Attempting to send email to: labonysur9@gmail.com
[2025-08-16 14:57:46] [INFO] SMTP Configuration:
[2025-08-16 14:57:46] [INFO] Host: smtp.gmail.com
[2025-08-16 14:57:46] [INFO] Port: 587
[2025-08-16 14:57:46] [INFO] Username: labonysur473@gmail.com
[2025-08-16 14:57:46] [INFO] From Email: labonysur473@gmail.com
[2025-08-16 14:57:50] [SUCCESS] Email sent successfully to: labonysur9@gmail.com
[2025-08-16 16:05:26] [INFO] Attempting to send email to: sur2305101473@diu.edu.bd
[2025-08-16 16:05:26] [INFO] SMTP Configuration:
[2025-08-16 16:05:26] [INFO] Host: smtp.gmail.com
[2025-08-16 16:05:26] [INFO] Port: 587
[2025-08-16 16:05:26] [INFO] Username: labonysur473@gmail.com
[2025-08-16 16:05:26] [INFO] From Email: labonysur473@gmail.com
[2025-08-16 16:05:31] [SUCCESS] Email sent successfully to: sur2305101473@diu.edu.bd
[2025-08-16 16:14:11] [INFO] Attempting to send email to: labonysur473@gmail.com
[2025-08-16 16:14:11] [INFO] SMTP Configuration:
[2025-08-16 16:14:11] [INFO] Host: smtp.gmail.com
[2025-08-16 16:14:11] [INFO] Port: 587
[2025-08-16 16:14:11] [INFO] Username: labonysur473@gmail.com
[2025-08-16 16:14:11] [INFO] From Email: labonysur473@gmail.com
[2025-08-16 16:14:16] [SUCCESS] Email sent successfully to: labonysur473@gmail.com
[2025-08-16 16:25:13] [INFO] Attempting to send email to: labonysur473@gmail.com
[2025-08-16 16:25:13] [INFO] SMTP Configuration:
[2025-08-16 16:25:13] [INFO] Host: smtp.gmail.com
[2025-08-16 16:25:13] [INFO] Port: 587
[2025-08-16 16:25:13] [INFO] Username: labonysur473@gmail.com
[2025-08-16 16:25:13] [INFO] From Email: labonysur473@gmail.com
[2025-08-16 16:25:17] [SUCCESS] Email sent successfully to: labonysur473@gmail.com
[2025-08-16 17:06:45] [INFO] Attempting to send email to: labonysur6@gmail.com
[2025-08-16 17:06:46] [INFO] SMTP Configuration:
[2025-08-16 17:06:46] [INFO] Host: smtp.gmail.com
[2025-08-16 17:06:46] [INFO] Port: 587
[2025-08-16 17:06:46] [INFO] Username: labonysur473@gmail.com
[2025-08-16 17:06:46] [INFO] From Email: labonysur473@gmail.com
[2025-08-16 17:06:50] [SUCCESS] Email sent successfully to: labonysur6@gmail.com
[2025-08-16 17:06:51] [INFO] Attempting to send email to: labonysur6@gmail.com
[2025-08-16 17:06:51] [INFO] SMTP Configuration:
[2025-08-16 17:06:51] [INFO] Host: smtp.gmail.com
[2025-08-16 17:06:51] [INFO] Port: 587
[2025-08-16 17:06:51] [INFO] Username: labonysur473@gmail.com
[2025-08-16 17:06:51] [INFO] From Email: labonysur473@gmail.com
[2025-08-16 17:06:54] [SUCCESS] Email sent successfully to: labonysur6@gmail.com
[2025-08-16 17:27:46] [INFO] Attempting to send email to: labonysur473@gmail.com
[2025-08-16 17:27:46] [INFO] SMTP Configuration:
[2025-08-16 17:27:46] [INFO] Host: smtp.gmail.com
[2025-08-16 17:27:46] [INFO] Port: 587
[2025-08-16 17:27:46] [INFO] Username: labonysur473@gmail.com
[2025-08-16 17:27:46] [INFO] From Email: labonysur473@gmail.com
[2025-08-16 17:27:51] [SUCCESS] Email sent successfully to: labonysur473@gmail.com
[2025-08-16 17:27:51] [INFO] OTP sent to labonysur473@gmail.com for user sur
[2025-08-16 17:27:51] [INFO] Pending registration data set: Array
(
    [username] => sur
    [email] => labonysur473@gmail.com
)

[2025-08-16 18:25:01] [INFO] Attempting to send email to: aupurbasarker23@gmail.com
[2025-08-16 18:25:01] [INFO] SMTP Configuration:
[2025-08-16 18:25:01] [INFO] Host: smtp.gmail.com
[2025-08-16 18:25:01] [INFO] Port: 587
[2025-08-16 18:25:01] [INFO] Username: labonysur473@gmail.com
[2025-08-16 18:25:01] [INFO] From Email: labonysur473@gmail.com
[2025-08-16 18:25:05] [SUCCESS] Email sent successfully to: aupurbasarker23@gmail.com
[2025-08-16 18:25:05] [INFO] OTP sent to aupurbasarker23@gmail.com for user aupurba
[2025-08-16 18:25:05] [INFO] Pending registration data set: Array
(
    [username] => aupurba
    [email] => aupurbasarker23@gmail.com
)

[2025-08-16 18:42:06] [INFO] Attempting to send email to: sur2305101473@diu.edu.bd
[2025-08-16 18:42:06] [INFO] SMTP Configuration:
[2025-08-16 18:42:06] [INFO] Host: smtp.gmail.com
[2025-08-16 18:42:06] [INFO] Port: 587
[2025-08-16 18:42:06] [INFO] Username: labonysur473@gmail.com
[2025-08-16 18:42:06] [INFO] From Email: labonysur473@gmail.com
[2025-08-16 18:42:11] [SUCCESS] Email sent successfully to: sur2305101473@diu.edu.bd
[2025-08-16 18:42:11] [INFO] OTP sent to sur2305101473@diu.edu.bd for user sur
[2025-08-16 18:42:11] [INFO] Pending registration data set: Array
(
    [username] => sur
    [email] => sur2305101473@diu.edu.bd
)

[2025-08-16 18:44:31] [INFO] Verifying OTP for email: test@example.com
[2025-08-16 18:48:46] [INFO] Verifying OTP for email: test@example.com
[2025-08-16 18:54:25] [INFO] Verifying OTP for email: sur2305101473@diu.edu.bd
[2025-08-16 18:57:50] [INFO] Attempting to send email to: sur2305101473@diu.edu.bd
[2025-08-16 18:57:50] [INFO] SMTP Configuration:
[2025-08-16 18:57:50] [INFO] Host: smtp.gmail.com
[2025-08-16 18:57:50] [INFO] Port: 587
[2025-08-16 18:57:50] [INFO] Username: labonysur473@gmail.com
[2025-08-16 18:57:50] [INFO] From Email: labonysur473@gmail.com
[2025-08-16 18:57:55] [SUCCESS] Email sent successfully to: sur2305101473@diu.edu.bd
[2025-08-16 18:57:55] [INFO] OTP sent to sur2305101473@diu.edu.bd for user sur
[2025-08-16 18:57:55] [INFO] Pending registration data set: Array
(
    [username] => sur
    [email] => sur2305101473@diu.edu.bd
)

[2025-08-16 18:58:23] [INFO] Verifying OTP for email: sur2305101473@diu.edu.bd
[2025-08-16 19:11:15] [INFO] Attempting to send email to: newuser@example.com
[2025-08-16 19:11:15] [INFO] SMTP Configuration:
[2025-08-16 19:11:15] [INFO] Host: smtp.gmail.com
[2025-08-16 19:11:15] [INFO] Port: 587
[2025-08-16 19:11:15] [INFO] Username: labonysur473@gmail.com
[2025-08-16 19:11:15] [INFO] From Email: labonysur473@gmail.com
[2025-08-16 19:11:20] [SUCCESS] Email sent successfully to: newuser@example.com
[2025-08-16 19:14:00] [INFO] Verifying OTP for email: newuser@example.com
[2025-08-16 19:14:44] [INFO] Verifying OTP for email: newuser@example.com
[2025-08-16 19:14:44] [INFO] Verifying OTP for email: newuser@example.com
[2025-08-16 19:18:32] [INFO] Verifying OTP for email: newuser@example.com
[2025-08-16 19:18:32] [INFO] Verifying OTP for email: newuser@example.com
[2025-08-16 19:28:54] [INFO] Attempting to send email to: labonysur5@gmail.com
[2025-08-16 19:28:54] [INFO] SMTP Configuration:
[2025-08-16 19:28:54] [INFO] Host: smtp.gmail.com
[2025-08-16 19:28:54] [INFO] Port: 587
[2025-08-16 19:28:54] [INFO] Username: labonysur473@gmail.com
[2025-08-16 19:28:54] [INFO] From Email: labonysur473@gmail.com
[2025-08-16 19:28:59] [SUCCESS] Email sent successfully to: labonysur5@gmail.com
[2025-08-16 19:28:59] [INFO] OTP sent to labonysur5@gmail.com for user user
[2025-08-16 19:28:59] [INFO] Pending registration data set: Array
(
    [username] => user
    [email] => labonysur5@gmail.com
)

[2025-08-16 19:29:25] [INFO] Attempting to send email to: labonysur5@gmail.com
[2025-08-16 19:29:25] [INFO] SMTP Configuration:
[2025-08-16 19:29:25] [INFO] Host: smtp.gmail.com
[2025-08-16 19:29:25] [INFO] Port: 587
[2025-08-16 19:29:25] [INFO] Username: labonysur473@gmail.com
[2025-08-16 19:29:25] [INFO] From Email: labonysur473@gmail.com
[2025-08-16 19:29:29] [SUCCESS] Email sent successfully to: labonysur5@gmail.com
[2025-08-16 19:41:22] [INFO] Attempting to send email to: elaradreamshade@gmail.com
[2025-08-16 19:41:22] [INFO] SMTP Configuration:
[2025-08-16 19:41:22] [INFO] Host: smtp.gmail.com
[2025-08-16 19:41:22] [INFO] Port: 587
[2025-08-16 19:41:22] [INFO] Username: labonysur473@gmail.com
[2025-08-16 19:41:22] [INFO] From Email: labonysur473@gmail.com
[2025-08-16 19:41:27] [SUCCESS] Email sent successfully to: elaradreamshade@gmail.com
[2025-08-16 19:41:27] [INFO] OTP sent to elaradreamshade@gmail.com for user elara
[2025-08-16 19:41:27] [INFO] Pending registration data set: Array
(
    [username] => elara
    [email] => elaradreamshade@gmail.com
)

[2025-08-16 19:43:14] [INFO] Attempting to send email to: elaradreamshade@gmail.com
[2025-08-16 19:43:14] [INFO] SMTP Configuration:
[2025-08-16 19:43:14] [INFO] Host: smtp.gmail.com
[2025-08-16 19:43:14] [INFO] Port: 587
[2025-08-16 19:43:14] [INFO] Username: labonysur473@gmail.com
[2025-08-16 19:43:14] [INFO] From Email: labonysur473@gmail.com
[2025-08-16 19:43:18] [SUCCESS] Email sent successfully to: elaradreamshade@gmail.com
[2025-08-16 19:43:18] [INFO] Attempting to send email to: elaradreamshade@gmail.com
[2025-08-16 19:43:18] [INFO] SMTP Configuration:
[2025-08-16 19:43:18] [INFO] Host: smtp.gmail.com
[2025-08-16 19:43:18] [INFO] Port: 587
[2025-08-16 19:43:18] [INFO] Username: labonysur473@gmail.com
[2025-08-16 19:43:18] [INFO] From Email: labonysur473@gmail.com
[2025-08-16 19:43:22] [SUCCESS] Email sent successfully to: elaradreamshade@gmail.com
[2025-08-16 19:59:09] [INFO] Attempting to send email to: aupurbasarker6@gmail.com
[2025-08-16 19:59:09] [INFO] SMTP Configuration:
[2025-08-16 19:59:09] [INFO] Host: smtp.gmail.com
[2025-08-16 19:59:09] [INFO] Port: 587
[2025-08-16 19:59:09] [INFO] Username: labonysur473@gmail.com
[2025-08-16 19:59:09] [INFO] From Email: labonysur473@gmail.com
[2025-08-16 19:59:13] [SUCCESS] Email sent successfully to: aupurbasarker6@gmail.com
[2025-08-16 19:59:13] [INFO] OTP sent to aupurbasarker6@gmail.com for user dog
[2025-08-16 19:59:13] [INFO] Pending registration data set: Array
(
    [username] => dog
    [email] => aupurbasarker6@gmail.com
)

[2025-08-16 20:35:22] [INFO] Attempting to send email to: aupurbasarker6@gmail.com
[2025-08-16 20:35:22] [INFO] SMTP Configuration:
[2025-08-16 20:35:22] [INFO] Host: smtp.gmail.com
[2025-08-16 20:35:22] [INFO] Port: 587
[2025-08-16 20:35:22] [INFO] Username: labonysur473@gmail.com
[2025-08-16 20:35:22] [INFO] From Email: labonysur473@gmail.com
[2025-08-16 20:35:26] [SUCCESS] Email sent successfully to: aupurbasarker6@gmail.com
[2025-08-16 20:35:27] [INFO] Attempting to send email to: aupurbasarker6@gmail.com
[2025-08-16 20:35:27] [INFO] SMTP Configuration:
[2025-08-16 20:35:27] [INFO] Host: smtp.gmail.com
[2025-08-16 20:35:27] [INFO] Port: 587
[2025-08-16 20:35:27] [INFO] Username: labonysur473@gmail.com
[2025-08-16 20:35:27] [INFO] From Email: labonysur473@gmail.com
[2025-08-16 20:35:32] [SUCCESS] Email sent successfully to: aupurbasarker6@gmail.com
[2025-08-16 20:38:07] [INFO] Generated OTP: 589114 for email: sur2305101473@diu.edu.bd
[2025-08-16 20:38:07] [INFO] Attempting to send email to: sur2305101473@diu.edu.bd
[2025-08-16 20:38:07] [INFO] SMTP Configuration:
[2025-08-16 20:38:07] [INFO] Host: smtp.gmail.com
[2025-08-16 20:38:07] [INFO] Port: 587
[2025-08-16 20:38:07] [INFO] Username: labonysur473@gmail.com
[2025-08-16 20:38:07] [INFO] From Email: labonysur473@gmail.com
[2025-08-16 20:38:11] [SUCCESS] Email sent successfully to: sur2305101473@diu.edu.bd
[2025-08-16 20:38:11] [INFO] OTP sent to sur2305101473@diu.edu.bd for user sur
[2025-08-16 20:38:11] [INFO] Pending registration data set: Array
(
    [username] => sur
    [email] => sur2305101473@diu.edu.bd
)

[2025-08-16 20:38:47] [INFO] Attempting to send email to: sur2305101473@diu.edu.bd
[2025-08-16 20:38:47] [INFO] SMTP Configuration:
[2025-08-16 20:38:47] [INFO] Host: smtp.gmail.com
[2025-08-16 20:38:47] [INFO] Port: 587
[2025-08-16 20:38:47] [INFO] Username: labonysur473@gmail.com
[2025-08-16 20:38:47] [INFO] From Email: labonysur473@gmail.com
[2025-08-16 20:38:51] [SUCCESS] Email sent successfully to: sur2305101473@diu.edu.bd
[2025-08-16 20:38:51] [INFO] Attempting to send email to: sur2305101473@diu.edu.bd
[2025-08-16 20:38:51] [INFO] SMTP Configuration:
[2025-08-16 20:38:51] [INFO] Host: smtp.gmail.com
[2025-08-16 20:38:51] [INFO] Port: 587
[2025-08-16 20:38:51] [INFO] Username: labonysur473@gmail.com
[2025-08-16 20:38:51] [INFO] From Email: labonysur473@gmail.com
[2025-08-16 20:38:55] [SUCCESS] Email sent successfully to: sur2305101473@diu.edu.bd
[2025-08-16 20:42:40] [INFO] Generated OTP: 641234 for email: timelesslyh@gmail.com
[2025-08-16 20:42:40] [INFO] Attempting to send email to: timelesslyh@gmail.com
[2025-08-16 20:42:40] [INFO] SMTP Configuration:
[2025-08-16 20:42:40] [INFO] Host: smtp.gmail.com
[2025-08-16 20:42:40] [INFO] Port: 587
[2025-08-16 20:42:40] [INFO] Username: labonysur473@gmail.com
[2025-08-16 20:42:40] [INFO] From Email: labonysur473@gmail.com
[2025-08-16 20:42:44] [SUCCESS] Email sent successfully to: timelesslyh@gmail.com
[2025-08-16 20:42:44] [INFO] OTP sent to timelesslyh@gmail.com for user time
[2025-08-16 20:42:44] [INFO] Pending registration data set: Array
(
    [username] => time
    [email] => timelesslyh@gmail.com
)

[2025-08-17 12:28:39] [INFO] Generated OTP: 590469 for email: moon2305101680@diu.edu.bd
[2025-08-17 12:28:39] [INFO] Attempting to send email to: moon2305101680@diu.edu.bd
[2025-08-17 12:28:39] [INFO] SMTP Configuration:
[2025-08-17 12:28:39] [INFO] Host: smtp.gmail.com
[2025-08-17 12:28:39] [INFO] Port: 587
[2025-08-17 12:28:39] [INFO] Username: labonysur473@gmail.com
[2025-08-17 12:28:39] [INFO] From Email: labonysur473@gmail.com
[2025-08-17 12:28:43] [SUCCESS] Email sent successfully to: moon2305101680@diu.edu.bd
[2025-08-17 12:28:43] [INFO] OTP sent to moon2305101680@diu.edu.bd for user moon
[2025-08-17 12:28:43] [INFO] Pending registration data set: Array
(
    [username] => moon
    [email] => moon2305101680@diu.edu.bd
)

